<?xml version="1.0" encoding="UTF-8"?>
<!-- Generated by org.testng.reporters.JUnitReportReporter -->
<testsuite hostname="SwarMadhur" failures="0" tests="1" name="tngscripts.Asertequal" time="6.207" errors="0" timestamp="2025-03-21T23:16:49 IST" skipped="0">
  <testcase classname="tngscripts.Asertequal" name="aserteqal" time="6.207"/>
  <system-out/>
</testsuite> <!-- tngscripts.Asertequal -->
