<?xml version="1.0" encoding="UTF-8"?>
<!-- Generated by org.testng.reporters.JUnitReportReporter -->
<testsuite hostname="SwarMadhur" failures="0" tests="4" name="tngscripts.Dataprovider" time="16.865" errors="0" timestamp="2025-03-20T23:36:58 IST" skipped="0">
  <testcase classname="tngscripts.Dataprovider" name="receiver" time="2.236"/>
  <system-out/>
  <testcase classname="tngscripts.Dataprovider" name="receiver" time="8.128"/>
  <system-out/>
  <testcase classname="tngscripts.Dataprovider" name="receiver" time="2.568"/>
  <system-out/>
  <testcase classname="tngscripts.Dataprovider" name="receiver" time="3.933"/>
  <system-out/>
</testsuite> <!-- tngscripts.Dataprovider -->
