<?xml version="1.0" encoding="UTF-8"?>
<!-- Generated by org.testng.reporters.JUnitReportReporter -->
<testsuite hostname="SwarMadhur" failures="0" tests="1" name="tngscripts.TNGCart" time="9.990" errors="0" timestamp="2025-03-19T00:28:23 IST" skipped="0">
  <testcase classname="tngscripts.TNGCart" name="cart" time="9.990"/>
  <system-out/>
</testsuite> <!-- tngscripts.TNGCart -->
